生成启动时间为 2014/5/26 21:35:23。
     1>项目“C:\Users\Tang\Documents\Visual Studio 2010\Projects\RClient\RClient.vcxproj”在节点 4 上(build 个目标)。
     1>InitializeBuildStatus:
         正在创建“Debug\RClient.unsuccessfulbuild”，因为已指定“AlwaysCreate”。
       ClCompile:
         所有输出均为最新。
         F:\Program Files\Microsoft Visual Studio 10.0\VC\bin\CL.exe /c /I"F:\Program Files\MySQL\MySQL Server 5.5\include" /ZI /nologo /W3 /WX- /Od /Oy- /D WIN32 /D _WINDOWS /D _DEBUG /D _MBCS /D _AFXDLL /Gm /EHsc /RTC1 /MDd /GS /fp:precise /Zc:wchar_t /Zc:forScope /Yu"StdAfx.h" /Fp"Debug\RClient.pch" /Fo"Debug\\" /Fd"Debug\vc100.pdb" /Gd /TP /analyze- /errorReport:prompt RClient.cpp RClientDlg.cpp
         RClientDlg.cpp
     1>f:\opencv\build\include\opencv2\flann\logger.h(66): warning C4996: 'fopen': This function or variable may be unsafe. Consider using fopen_s instead. To disable deprecation, use _CRT_SECURE_NO_WARNINGS. See online help for details.
                 f:\program files\microsoft visual studio 10.0\vc\include\stdio.h(234) : 参见“fopen”的声明
     1>f:\opencv\build\include\opencv2\legacy\blobtrack.hpp(187): warning C4996: 'strcpy': This function or variable may be unsafe. Consider using strcpy_s instead. To disable deprecation, use _CRT_SECURE_NO_WARNINGS. See online help for details.
                 f:\program files\microsoft visual studio 10.0\vc\include\string.h(105) : 参见“strcpy”的声明
     1>f:\opencv\build\include\opencv2\legacy\blobtrack.hpp(256): warning C4996: 'strcat': This function or variable may be unsafe. Consider using strcat_s instead. To disable deprecation, use _CRT_SECURE_NO_WARNINGS. See online help for details.
                 f:\program files\microsoft visual studio 10.0\vc\include\string.h(110) : 参见“strcat”的声明
     1>c:\users\tang\documents\visual studio 2010\projects\rclient\rclientdlg.cpp(463): warning C4018: “<”: 有符号/无符号不匹配
     1>c:\users\tang\documents\visual studio 2010\projects\rclient\rclientdlg.cpp(479): warning C4018: “<”: 有符号/无符号不匹配
         正在生成代码...
         正在编译...
         RClient.cpp
     1>f:\opencv\build\include\opencv2\flann\logger.h(66): warning C4996: 'fopen': This function or variable may be unsafe. Consider using fopen_s instead. To disable deprecation, use _CRT_SECURE_NO_WARNINGS. See online help for details.
                 f:\program files\microsoft visual studio 10.0\vc\include\stdio.h(234) : 参见“fopen”的声明
     1>f:\opencv\build\include\opencv2\legacy\blobtrack.hpp(187): warning C4996: 'strcpy': This function or variable may be unsafe. Consider using strcpy_s instead. To disable deprecation, use _CRT_SECURE_NO_WARNINGS. See online help for details.
                 f:\program files\microsoft visual studio 10.0\vc\include\string.h(105) : 参见“strcpy”的声明
     1>f:\opencv\build\include\opencv2\legacy\blobtrack.hpp(256): warning C4996: 'strcat': This function or variable may be unsafe. Consider using strcat_s instead. To disable deprecation, use _CRT_SECURE_NO_WARNINGS. See online help for details.
                 f:\program files\microsoft visual studio 10.0\vc\include\string.h(110) : 参见“strcat”的声明
         正在生成代码...
       ResourceCompile:
         c:\Program Files\Microsoft SDKs\Windows\v7.0A\bin\rc.exe /D _DEBUG /D _AFXDLL /l"0x0804" /IDebug\ /nologo /fo"Debug\RClient.res" RClient.rc 
       ManifestResourceCompile:
         所有输出均为最新。
       Link:
         F:\Program Files\Microsoft Visual Studio 10.0\VC\bin\link.exe /ERRORREPORT:PROMPT /OUT:"C:\Users\Tang\Documents\Visual Studio 2010\Projects\mfcRecognition\Debug\RClient.exe" /INCREMENTAL /NOLOGO /LIBPATH:mysql/lib kernel32.lib user32.lib gdi32.lib winspool.lib comdlg32.lib advapi32.lib shell32.lib ole32.lib oleaut32.lib uuid.lib odbc32.lib odbccp32.lib opencv_core248d.lib opencv_highgui248d.lib opencv_video248d.lib opencv_ml248d.lib opencv_legacy248d.lib opencv_imgproc248d.lib /MANIFEST /ManifestFile:"Debug\RClient.exe.intermediate.manifest" /MANIFESTUAC:"level='asInvoker' uiAccess='false'" /DEBUG /PDB:"C:\Users\Tang\Documents\Visual Studio 2010\Projects\mfcRecognition\Debug\RClient.pdb" /SUBSYSTEM:WINDOWS /TLBID:1 /DYNAMICBASE /NXCOMPAT /IMPLIB:"C:\Users\Tang\Documents\Visual Studio 2010\Projects\mfcRecognition\Debug\RClient.lib" /MACHINE:X86 Debug\RClient.res
         Debug\RClient.exe.embed.manifest.res
         Debug\facedata.obj
         Debug\RClient.obj
         Debug\RClientDlg.obj
         Debug\stdafx.obj
       Manifest:
         c:\Program Files\Microsoft SDKs\Windows\v7.0A\bin\mt.exe /nologo /verbose /out:"Debug\RClient.exe.embed.manifest" /manifest Debug\RClient.exe.intermediate.manifest "F:\Program Files\Microsoft Visual Studio 10.0\VC\Include\Manifest\dpiaware.manifest"
         所有输出均为最新。
       LinkEmbedManifest:
         所有输出均为最新。
         RClient.vcxproj -> C:\Users\Tang\Documents\Visual Studio 2010\Projects\mfcRecognition\Debug\RClient.exe
       FinalizeBuildStatus:
         正在删除文件“Debug\RClient.unsuccessfulbuild”。
         正在对“Debug\RClient.lastbuildstate”执行 Touch 任务。
     1>已完成生成项目“C:\Users\Tang\Documents\Visual Studio 2010\Projects\RClient\RClient.vcxproj”(build 个目标)的操作。

生成成功。

已用时间 00:01:02.30
